<?xml version="1.0" encoding="UTF-8"?>
<!-- Generated by org.testng.reporters.JUnitReportReporter -->
<testsuite skipped="0" hostname="LAPTOP-G8R015TH" name="com.w2a.testcases.CreateAccountTest" tests="1" failures="0" timestamp="26 Jul 2020 17:28:10 GMT" time="15.911" errors="0">
  <testcase name="createAccountTest" time="15.911" classname="com.w2a.testcases.CreateAccountTest"/>
</testsuite> <!-- com.w2a.testcases.CreateAccountTest -->
