<?xml version="1.0" encoding="UTF-8"?>
<!-- Generated by org.testng.reporters.JUnitReportReporter -->
<testsuite skipped="0" hostname="LAPTOP-G8R015TH" name="com.w2a.testcases.LoginTest" tests="1" failures="0" timestamp="30 Dec 2019 06:13:19 GMT" time="5.599" errors="0">
  <testcase name="loginTest" time="5.599" classname="com.w2a.testcases.LoginTest"/>
</testsuite> <!-- com.w2a.testcases.LoginTest -->
