<?xml version="1.0" encoding="UTF-8"?>
<!-- Generated by org.testng.reporters.JUnitReportReporter -->
<testsuite skipped="0" hostname="LAPTOP-G8R015TH" name="com.w2a.testcases.CreateAccountTest" tests="1" failures="0" timestamp="30 Dec 2019 06:13:19 GMT" time="18.803" errors="0">
  <testcase name="createAccountTest" time="18.803" classname="com.w2a.testcases.CreateAccountTest"/>
</testsuite> <!-- com.w2a.testcases.CreateAccountTest -->
