<?xml version="1.0" encoding="UTF-8"?>
<!-- Generated by org.testng.reporters.JUnitReportReporter -->
<testsuite skipped="0" hostname="LAPTOP-G8R015TH" name="com.w2a.testcases.LoginTest" tests="1" failures="0" timestamp="26 Jul 2020 17:28:10 GMT" time="3.127" errors="0">
  <testcase name="loginTest" time="3.127" classname="com.w2a.testcases.LoginTest"/>
</testsuite> <!-- com.w2a.testcases.LoginTest -->
